[I 2024-10-04 20:18:52,714] A new study created in memory with name: no-name-7c0ec544-147f-47de-90b2-cf5e9575d922
[I 2024-10-04 20:19:05,554] Trial 0 finished with value: 0.9575535597460016 and parameters: {'lambda': 0.03777375844866581, 'alpha': 0.15268515298731478, 'learning_rate': 0.047122436792669475, 'max_depth': 8, 'min_child_weight': 10, 'subsample': 0.9487496335443051, 'colsample_bytree': 0.5022936147425566, 'num_boost_round': 588}. Best is trial 0 with value: 0.9575535597460016.
[I 2024-10-04 20:19:37,051] Trial 1 finished with value: 0.9483702681127456 and parameters: {'lambda': 0.0703544453941957, 'alpha': 0.001550009092245667, 'learning_rate': 0.08869173720075663, 'max_depth': 8, 'min_child_weight': 4, 'subsample': 0.8813950300942486, 'colsample_bytree': 0.7186860085993543, 'num_boost_round': 1451}. Best is trial 0 with value: 0.9575535597460016.
[I 2024-10-04 20:20:19,800] Trial 2 finished with value: 0.9462135615437779 and parameters: {'lambda': 0.04957271035244465, 'alpha': 0.5844381195698481, 'learning_rate': 0.1125942665920208, 'max_depth': 9, 'min_child_weight': 7, 'subsample': 0.8824779799265183, 'colsample_bytree': 0.8121283155282737, 'num_boost_round': 1655}. Best is trial 0 with value: 0.9575535597460016.
[I 2024-10-04 20:20:43,127] Trial 3 finished with value: 0.9450319045773649 and parameters: {'lambda': 0.4732750758791666, 'alpha': 1.3341654938894834, 'learning_rate': 0.17659860311923442, 'max_depth': 9, 'min_child_weight': 10, 'subsample': 0.654864956659868, 'colsample_bytree': 0.9805415207028904, 'num_boost_round': 940}. Best is trial 0 with value: 0.9575535597460016.
[I 2024-10-04 20:20:49,225] Trial 4 finished with value: 0.9555895664680183 and parameters: {'lambda': 2.155829142517844, 'alpha': 0.7210068190926312, 'learning_rate': 0.13137568150433887, 'max_depth': 4, 'min_child_weight': 8, 'subsample': 0.5402648089174957, 'colsample_bytree': 0.9577313925389719, 'num_boost_round': 548}. Best is trial 0 with value: 0.9575535597460016.
[I 2024-10-04 20:21:12,629] Trial 5 finished with value: 0.950821327818565 and parameters: {'lambda': 0.26707319106758176, 'alpha': 0.6738812441940543, 'learning_rate': 0.08060443151932423, 'max_depth': 8, 'min_child_weight': 9, 'subsample': 0.8557400501704397, 'colsample_bytree': 0.8460212065863417, 'num_boost_round': 1087}. Best is trial 0 with value: 0.9575535597460016.
[I 2024-10-04 20:21:48,461] Trial 6 finished with value: 0.955109732815907 and parameters: {'lambda': 0.08016890093886142, 'alpha': 0.08399700941391201, 'learning_rate': 0.02285425002841108, 'max_depth': 7, 'min_child_weight': 4, 'subsample': 0.667162129838771, 'colsample_bytree': 0.9704705448151212, 'num_boost_round': 1795}. Best is trial 0 with value: 0.9575535597460016.
[I 2024-10-04 20:22:06,608] Trial 7 finished with value: 0.9568041906047732 and parameters: {'lambda': 0.0013553300733637446, 'alpha': 6.848530572699308, 'learning_rate': 0.07497619042740411, 'max_depth': 4, 'min_child_weight': 9, 'subsample': 0.9337591550334208, 'colsample_bytree': 0.6662689013879743, 'num_boost_round': 1639}. Best is trial 0 with value: 0.9575535597460016.
[I 2024-10-04 20:22:32,121] Trial 8 finished with value: 0.9489948406199827 and parameters: {'lambda': 1.475501341544677, 'alpha': 0.004094004423198388, 'learning_rate': 0.12917915772319774, 'max_depth': 5, 'min_child_weight': 1, 'subsample': 0.7688093729130405, 'colsample_bytree': 0.6901741466080782, 'num_boost_round': 1849}. Best is trial 0 with value: 0.9575535597460016.
[I 2024-10-04 20:23:04,240] Trial 9 finished with value: 0.9527725283105128 and parameters: {'lambda': 0.5246439431599101, 'alpha': 0.23122698497303987, 'learning_rate': 0.054805519531725744, 'max_depth': 8, 'min_child_weight': 5, 'subsample': 0.9275705476574803, 'colsample_bytree': 0.5885202124845283, 'num_boost_round': 1408}. Best is trial 0 with value: 0.9575535597460016.
[I 2024-10-04 20:23:20,833] Trial 10 finished with value: 0.946514540260368 and parameters: {'lambda': 0.005756278281815627, 'alpha': 0.02286467849753929, 'learning_rate': 0.2537599592545993, 'max_depth': 10, 'min_child_weight': 1, 'subsample': 0.9808788926014564, 'colsample_bytree': 0.5047272907226807, 'num_boost_round': 510}. Best is trial 0 with value: 0.9575535597460016.
[I 2024-10-04 20:23:29,269] Trial 11 finished with value: 0.9427302686604125 and parameters: {'lambda': 0.0021527715243282904, 'alpha': 8.927297612880043, 'learning_rate': 0.019805067120879996, 'max_depth': 3, 'min_child_weight': 10, 'subsample': 0.9984746912355582, 'colsample_bytree': 0.6108567373644849, 'num_boost_round': 816}. Best is trial 0 with value: 0.9575535597460016.
[I 2024-10-04 20:24:01,100] Trial 12 finished with value: 0.9538789882209932 and parameters: {'lambda': 0.013870382292725338, 'alpha': 9.464825744131497, 'learning_rate': 0.19011689992989078, 'max_depth': 6, 'min_child_weight': 7, 'subsample': 0.8301638241040917, 'colsample_bytree': 0.5007807627863725, 'num_boost_round': 1992}. Best is trial 0 with value: 0.9575535597460016.
[I 2024-10-04 20:24:20,765] Trial 13 finished with value: 0.9560582443820976 and parameters: {'lambda': 0.0011450675732588296, 'alpha': 0.03190204311070519, 'learning_rate': 0.05071998151496074, 'max_depth': 6, 'min_child_weight': 8, 'subsample': 0.7644774470806835, 'colsample_bytree': 0.6205528935122703, 'num_boost_round': 1295}. Best is trial 0 with value: 0.9575535597460016.
[I 2024-10-04 20:24:35,390] Trial 14 finished with value: 0.9555847208059276 and parameters: {'lambda': 0.015008312557395013, 'alpha': 2.9663437929147407, 'learning_rate': 0.2853149139649708, 'max_depth': 3, 'min_child_weight': 10, 'subsample': 0.9391339707932391, 'colsample_bytree': 0.6670954126757386, 'num_boost_round': 1509}. Best is trial 0 with value: 0.9575535597460016.
[I 2024-10-04 20:24:44,935] Trial 15 finished with value: 0.9573927242443236 and parameters: {'lambda': 6.176019967470143, 'alpha': 0.12786606084991387, 'learning_rate': 0.06440867605967064, 'max_depth': 5, 'min_child_weight': 8, 'subsample': 0.8155447496669888, 'colsample_bytree': 0.78458853432621, 'num_boost_round': 746}. Best is trial 0 with value: 0.9575535597460016.
[I 2024-10-04 20:24:53,687] Trial 16 finished with value: 0.9480084150220287 and parameters: {'lambda': 4.269427344614218, 'alpha': 0.09406926624914909, 'learning_rate': 0.012164362261093194, 'max_depth': 5, 'min_child_weight': 6, 'subsample': 0.6896465230686586, 'colsample_bytree': 0.8200282731778723, 'num_boost_round': 696}. Best is trial 0 with value: 0.9575535597460016.
[I 2024-10-04 20:25:10,950] Trial 17 finished with value: 0.947420804082262 and parameters: {'lambda': 7.432194216218335, 'alpha': 0.008989306201749907, 'learning_rate': 0.20105575104901302, 'max_depth': 7, 'min_child_weight': 9, 'subsample': 0.8028211403067964, 'colsample_bytree': 0.7675173974641667, 'num_boost_round': 1054}. Best is trial 0 with value: 0.9575535597460016.
[I 2024-10-04 20:25:20,275] Trial 18 finished with value: 0.9562798590114732 and parameters: {'lambda': 0.023504167128020177, 'alpha': 0.20688861746325485, 'learning_rate': 0.04943911494271029, 'max_depth': 5, 'min_child_weight': 7, 'subsample': 0.5646477463462639, 'colsample_bytree': 0.8891465383678419, 'num_boost_round': 724}. Best is trial 0 with value: 0.9575535597460016.
[I 2024-10-04 20:25:35,891] Trial 19 finished with value: 0.9517319967878143 and parameters: {'lambda': 0.18602240814846568, 'alpha': 0.03435942643284655, 'learning_rate': 0.09360901825202744, 'max_depth': 7, 'min_child_weight': 8, 'subsample': 0.715032325837883, 'colsample_bytree': 0.7565504283587603, 'num_boost_round': 897}. Best is trial 0 with value: 0.9575535597460016.
[I 2024-10-04 20:25:45,778] Trial 20 finished with value: 0.9529097546035278 and parameters: {'lambda': 0.004863781238151751, 'alpha': 0.2662567355917832, 'learning_rate': 0.15221144112535082, 'max_depth': 6, 'min_child_weight': 6, 'subsample': 0.8025421211402446, 'colsample_bytree': 0.5575568938208005, 'num_boost_round': 664}. Best is trial 0 with value: 0.9575535597460016.
[I 2024-10-04 20:25:59,270] Trial 21 finished with value: 0.9579004889118273 and parameters: {'lambda': 0.003641895693290018, 'alpha': 2.800868550387222, 'learning_rate': 0.06921288505896964, 'max_depth': 4, 'min_child_weight': 9, 'subsample': 0.9416743743467366, 'colsample_bytree': 0.644016353551802, 'num_boost_round': 1225}. Best is trial 21 with value: 0.9579004889118273.
[I 2024-10-04 20:26:12,084] Trial 22 finished with value: 0.9577807403385892 and parameters: {'lambda': 0.0051494619489631886, 'alpha': 2.3829223808892928, 'learning_rate': 0.05582606023470612, 'max_depth': 4, 'min_child_weight': 9, 'subsample': 0.9047237082811724, 'colsample_bytree': 0.5553872947653384, 'num_boost_round': 1130}. Best is trial 21 with value: 0.9579004889118273.
[I 2024-10-04 20:26:26,622] Trial 23 finished with value: 0.957457533486561 and parameters: {'lambda': 0.0063033697226887835, 'alpha': 2.0305192514736548, 'learning_rate': 0.03791414119813952, 'max_depth': 4, 'min_child_weight': 10, 'subsample': 0.9567048846092949, 'colsample_bytree': 0.5475060123700245, 'num_boost_round': 1184}. Best is trial 21 with value: 0.9579004889118273.
[I 2024-10-04 20:26:40,012] Trial 24 finished with value: 0.9571037584836292 and parameters: {'lambda': 0.0028047117679970736, 'alpha': 4.798528008891531, 'learning_rate': 0.10569326269315957, 'max_depth': 3, 'min_child_weight': 9, 'subsample': 0.8914047449790496, 'colsample_bytree': 0.551911406018487, 'num_boost_round': 1306}. Best is trial 21 with value: 0.9579004889118273.
[I 2024-10-04 20:26:53,892] Trial 25 finished with value: 0.9542499373457082 and parameters: {'lambda': 0.030445810494572182, 'alpha': 1.3676011595781885, 'learning_rate': 0.21929390632300766, 'max_depth': 4, 'min_child_weight': 10, 'subsample': 0.8910316279085501, 'colsample_bytree': 0.6338713197154329, 'num_boost_round': 1076}. Best is trial 21 with value: 0.9579004889118273.
[I 2024-10-04 20:27:23,325] Trial 26 finished with value: 0.9560623340256559 and parameters: {'lambda': 0.009530423739088342, 'alpha': 3.0657263215711916, 'learning_rate': 0.033893108006220474, 'max_depth': 9, 'min_child_weight': 9, 'subsample': 0.9681265776652557, 'colsample_bytree': 0.5763220091247784, 'num_boost_round': 1192}. Best is trial 21 with value: 0.9579004889118273.
[I 2024-10-04 20:27:31,919] Trial 27 finished with value: 0.9583497722717403 and parameters: {'lambda': 0.003195103772072981, 'alpha': 0.43206438809672254, 'learning_rate': 0.1322093610400407, 'max_depth': 3, 'min_child_weight': 2, 'subsample': 0.9161233358637322, 'colsample_bytree': 0.5072441989405825, 'num_boost_round': 959}. Best is trial 27 with value: 0.9583497722717403.
[I 2024-10-04 20:27:40,333] Trial 28 finished with value: 0.9576963400964249 and parameters: {'lambda': 0.0026014407850838924, 'alpha': 0.4606179755063681, 'learning_rate': 0.1561118307779874, 'max_depth': 3, 'min_child_weight': 2, 'subsample': 0.9140864242556767, 'colsample_bytree': 0.5425011637879124, 'num_boost_round': 928}. Best is trial 27 with value: 0.9583497722717403.
[I 2024-10-04 20:27:51,093] Trial 29 finished with value: 0.9567682648422213 and parameters: {'lambda': 0.003775949912562027, 'alpha': 1.2813742892985598, 'learning_rate': 0.11479731711191593, 'max_depth': 4, 'min_child_weight': 3, 'subsample': 0.8559242700583803, 'colsample_bytree': 0.6494998800782676, 'num_boost_round': 1015}. Best is trial 27 with value: 0.9583497722717403.
[I 2024-10-04 20:28:03,005] Trial 30 finished with value: 0.9565021998948717 and parameters: {'lambda': 0.011092981120003623, 'alpha': 4.0721078692186286, 'learning_rate': 0.1539899179053664, 'max_depth': 3, 'min_child_weight': 2, 'subsample': 0.6182812357041431, 'colsample_bytree': 0.7163071513043566, 'num_boost_round': 1183}. Best is trial 27 with value: 0.9583497722717403.
[I 2024-10-04 20:28:12,373] Trial 31 finished with value: 0.9557019929720042 and parameters: {'lambda': 0.002031304415126662, 'alpha': 0.45785678897492627, 'learning_rate': 0.1652120541630874, 'max_depth': 4, 'min_child_weight': 2, 'subsample': 0.9125952025839954, 'colsample_bytree': 0.5302787023776269, 'num_boost_round': 894}. Best is trial 27 with value: 0.9583497722717403.
[I 2024-10-04 20:28:21,585] Trial 32 finished with value: 0.957797610862379 and parameters: {'lambda': 0.0010599975607045982, 'alpha': 0.35638665906780154, 'learning_rate': 0.13408768691300071, 'max_depth': 3, 'min_child_weight': 3, 'subsample': 0.8519772971386838, 'colsample_bytree': 0.5943925949192629, 'num_boost_round': 956}. Best is trial 27 with value: 0.9583497722717403.
[I 2024-10-04 20:28:34,336] Trial 33 finished with value: 0.9573689066840967 and parameters: {'lambda': 0.00109476571804415, 'alpha': 0.9501991348599426, 'learning_rate': 0.13262932701337835, 'max_depth': 3, 'min_child_weight': 3, 'subsample': 0.853317199334469, 'colsample_bytree': 0.5922123931072951, 'num_boost_round': 1371}. Best is trial 27 with value: 0.9583497722717403.
[I 2024-10-04 20:28:46,222] Trial 34 finished with value: 0.9578627058439041 and parameters: {'lambda': 0.006957702298180392, 'alpha': 1.9356785848078475, 'learning_rate': 0.09578320442261314, 'max_depth': 3, 'min_child_weight': 3, 'subsample': 0.8730781462477217, 'colsample_bytree': 0.606743546668877, 'num_boost_round': 1111}. Best is trial 27 with value: 0.9583497722717403.
[I 2024-10-04 20:28:56,528] Trial 35 finished with value: 0.9579243124249561 and parameters: {'lambda': 0.0017643672054973515, 'alpha': 0.37890964514510617, 'learning_rate': 0.0983898507460773, 'max_depth': 3, 'min_child_weight': 4, 'subsample': 0.8577769419589242, 'colsample_bytree': 0.6136211535106657, 'num_boost_round': 1000}. Best is trial 27 with value: 0.9583497722717403.
[I 2024-10-04 20:29:04,765] Trial 36 finished with value: 0.9578100464743047 and parameters: {'lambda': 0.04857811629408697, 'alpha': 0.9895279691232801, 'learning_rate': 0.09660049877627476, 'max_depth': 3, 'min_child_weight': 4, 'subsample': 0.8737941875951851, 'colsample_bytree': 0.7101350172438343, 'num_boost_round': 841}. Best is trial 27 with value: 0.9583497722717403.
[I 2024-10-04 20:29:21,544] Trial 37 finished with value: 0.9572914415725663 and parameters: {'lambda': 0.02329221146545703, 'alpha': 1.7107138429908921, 'learning_rate': 0.08142194780818843, 'max_depth': 4, 'min_child_weight': 5, 'subsample': 0.9964227788825113, 'colsample_bytree': 0.6851796071516518, 'num_boost_round': 1500}. Best is trial 27 with value: 0.9583497722717403.
[I 2024-10-04 20:29:30,710] Trial 38 finished with value: 0.9583334315562135 and parameters: {'lambda': 0.008153597002147454, 'alpha': 0.05655308777759441, 'learning_rate': 0.11869404607470294, 'max_depth': 3, 'min_child_weight': 4, 'subsample': 0.9543999614697569, 'colsample_bytree': 0.6442199162029645, 'num_boost_round': 975}. Best is trial 27 with value: 0.9583497722717403.
[I 2024-10-04 20:29:44,130] Trial 39 finished with value: 0.9553605404758632 and parameters: {'lambda': 0.0018594089433860686, 'alpha': 0.07254044109776674, 'learning_rate': 0.11696405582708795, 'max_depth': 5, 'min_child_weight': 5, 'subsample': 0.957752223421519, 'colsample_bytree': 0.6436766034585101, 'num_boost_round': 1000}. Best is trial 27 with value: 0.9583497722717403.
[I 2024-10-04 20:29:51,021] Trial 40 finished with value: 0.9578093916551031 and parameters: {'lambda': 0.0037291172495987185, 'alpha': 0.04355238982595394, 'learning_rate': 0.06830544218276242, 'max_depth': 4, 'min_child_weight': 4, 'subsample': 0.9247994416099999, 'colsample_bytree': 0.6942151684326154, 'num_boost_round': 606}. Best is trial 27 with value: 0.9583497722717403.
[I 2024-10-04 20:30:02,018] Trial 41 finished with value: 0.9581108882741527 and parameters: {'lambda': 0.008327698201101413, 'alpha': 0.1602051760873969, 'learning_rate': 0.09208408327464915, 'max_depth': 3, 'min_child_weight': 3, 'subsample': 0.8748626634139905, 'colsample_bytree': 0.6178355651299917, 'num_boost_round': 1123}. Best is trial 27 with value: 0.9583497722717403.
[I 2024-10-04 20:30:14,612] Trial 42 finished with value: 0.9577612505379935 and parameters: {'lambda': 0.0032460532633429816, 'alpha': 0.1438194348251367, 'learning_rate': 0.1226030926085825, 'max_depth': 3, 'min_child_weight': 4, 'subsample': 0.944587511991788, 'colsample_bytree': 0.7350705922830147, 'num_boost_round': 1249}. Best is trial 27 with value: 0.9583497722717403.
[I 2024-10-04 20:30:22,479] Trial 43 finished with value: 0.9571826106212866 and parameters: {'lambda': 0.007782745777678037, 'alpha': 0.05951021320499956, 'learning_rate': 0.13935833596257108, 'max_depth': 3, 'min_child_weight': 2, 'subsample': 0.8286483525476183, 'colsample_bytree': 0.6628319779486783, 'num_boost_round': 813}. Best is trial 27 with value: 0.9583497722717403.
[I 2024-10-04 20:30:34,646] Trial 44 finished with value: 0.9579625181489094 and parameters: {'lambda': 0.014379693870158418, 'alpha': 0.022184582898025985, 'learning_rate': 0.10622847673867773, 'max_depth': 4, 'min_child_weight': 3, 'subsample': 0.9819781339528381, 'colsample_bytree': 0.5203839852832167, 'num_boost_round': 1015}. Best is trial 27 with value: 0.9583497722717403.
[I 2024-10-04 20:30:44,351] Trial 45 finished with value: 0.9578137432263418 and parameters: {'lambda': 0.01797574038623842, 'alpha': 0.010043633737879833, 'learning_rate': 0.10508294274344834, 'max_depth': 3, 'min_child_weight': 1, 'subsample': 0.9771540476161528, 'colsample_bytree': 0.5176345128515114, 'num_boost_round': 1002}. Best is trial 27 with value: 0.9583497722717403.
[I 2024-10-04 20:30:56,836] Trial 46 finished with value: 0.9581480820047943 and parameters: {'lambda': 0.05617697371985172, 'alpha': 0.015293412502278635, 'learning_rate': 0.08379942201656351, 'max_depth': 4, 'min_child_weight': 3, 'subsample': 0.9985241604129761, 'colsample_bytree': 0.5728538898563454, 'num_boost_round': 1125}. Best is trial 27 with value: 0.9583497722717403.
[I 2024-10-04 20:31:11,930] Trial 47 finished with value: 0.9523247093644504 and parameters: {'lambda': 0.1402165793676987, 'alpha': 0.013249754413908821, 'learning_rate': 0.17586421310636566, 'max_depth': 5, 'min_child_weight': 3, 'subsample': 0.9989059550574791, 'colsample_bytree': 0.5720648844221979, 'num_boost_round': 1130}. Best is trial 27 with value: 0.9583497722717403.
[I 2024-10-04 20:31:26,939] Trial 48 finished with value: 0.9553070596058107 and parameters: {'lambda': 0.06582840770123839, 'alpha': 0.0021905235545718656, 'learning_rate': 0.1434422924546117, 'max_depth': 4, 'min_child_weight': 2, 'subsample': 0.9757084164529484, 'colsample_bytree': 0.5221177599233112, 'num_boost_round': 1323}. Best is trial 27 with value: 0.9583497722717403.
[I 2024-10-04 20:31:38,175] Trial 49 finished with value: 0.9572924416600739 and parameters: {'lambda': 0.03359238287560901, 'alpha': 0.017732340266856196, 'learning_rate': 0.08357333552172401, 'max_depth': 5, 'min_child_weight': 3, 'subsample': 0.9586490791343315, 'colsample_bytree': 0.5006692346278652, 'num_boost_round': 859}. Best is trial 27 with value: 0.9583497722717403.
[I 2024-10-04 20:31:49,825] Trial 50 finished with value: 0.9561821421279124 and parameters: {'lambda': 0.10117950526683989, 'alpha': 0.005263632900485208, 'learning_rate': 0.12199577511080767, 'max_depth': 4, 'min_child_weight': 1, 'subsample': 0.9260243498760037, 'colsample_bytree': 0.5737821625728406, 'num_boost_round': 1067}. Best is trial 27 with value: 0.9583497722717403.
[I 2024-10-04 20:31:58,787] Trial 51 finished with value: 0.958192556134376 and parameters: {'lambda': 0.010461108821737166, 'alpha': 0.049053345335810426, 'learning_rate': 0.10374953554455096, 'max_depth': 3, 'min_child_weight': 4, 'subsample': 0.8959201701574774, 'colsample_bytree': 0.6210494966636273, 'num_boost_round': 978}. Best is trial 27 with value: 0.9583497722717403.
[I 2024-10-04 20:32:08,297] Trial 52 finished with value: 0.9581200736016783 and parameters: {'lambda': 0.011097119468563484, 'alpha': 0.02598283164018445, 'learning_rate': 0.08690147645429641, 'max_depth': 3, 'min_child_weight': 4, 'subsample': 0.981132908750275, 'colsample_bytree': 0.530232480232269, 'num_boost_round': 981}. Best is trial 27 with value: 0.9583497722717403.
[I 2024-10-04 20:32:15,464] Trial 53 finished with value: 0.9572678323639033 and parameters: {'lambda': 0.6084457866297274, 'alpha': 0.05139843977564613, 'learning_rate': 0.08126293692936387, 'max_depth': 3, 'min_child_weight': 5, 'subsample': 0.8953434369493651, 'colsample_bytree': 0.6208708767027432, 'num_boost_round': 771}. Best is trial 27 with value: 0.9583497722717403.
[I 2024-10-04 20:32:24,147] Trial 54 finished with value: 0.9580800105723537 and parameters: {'lambda': 0.01013996877539503, 'alpha': 0.0336218147723451, 'learning_rate': 0.0890522702693583, 'max_depth': 3, 'min_child_weight': 4, 'subsample': 0.9419353960372668, 'colsample_bytree': 0.5821979899860761, 'num_boost_round': 947}. Best is trial 27 with value: 0.9583497722717403.
[I 2024-10-04 20:32:35,610] Trial 55 finished with value: 0.9572274002546651 and parameters: {'lambda': 0.023664594307942512, 'alpha': 0.0934915764660149, 'learning_rate': 0.061831290694126205, 'max_depth': 3, 'min_child_weight': 5, 'subsample': 0.7311378574039662, 'colsample_bytree': 0.5385836543330813, 'num_boost_round': 1163}. Best is trial 27 with value: 0.9583497722717403.
[I 2024-10-04 20:32:45,147] Trial 56 finished with value: 0.9582807126575956 and parameters: {'lambda': 0.01777630185952778, 'alpha': 0.1863699011187288, 'learning_rate': 0.1240872643407386, 'max_depth': 3, 'min_child_weight': 4, 'subsample': 0.9197793272811443, 'colsample_bytree': 0.5642045352129847, 'num_boost_round': 1053}. Best is trial 27 with value: 0.9583497722717403.
